\BOOKMARK [0][-]{chapter.1}{\376\377\000E\000i\000n\000l\000e\000i\000t\000u\000n\000g}{}% 1
\BOOKMARK [0][-]{chapter.2}{\376\377\000A\000u\000f\000g\000a\000b\000e\000n\000v\000e\000r\000t\000e\000i\000l\000u\000n\000g}{}% 2
\BOOKMARK [0][-]{chapter.3}{\376\377\000Z\000u\000k\000u\000n\000f\000t\000\040\000V\0003}{}% 3
\BOOKMARK [0][-]{chapter.4}{\376\377\000E\000l\000e\000k\000t\000r\000o\000n\000i\000k\000-\000K\000o\000m\000p\000o\000n\000e\000n\000t\000e\000n\000a\000u\000s\000w\000a\000h\000l}{}% 4
\BOOKMARK [1][-]{section.4.1}{\376\377\000G\000r\000u\000n\000d\000s\000\344\000t\000z\000l\000i\000c\000h\000e\000\040\000A\000u\000s\000w\000a\000h\000l\000p\000h\000i\000l\000o\000s\000o\000p\000h\000i\000e}{chapter.4}% 5
\BOOKMARK [1][-]{section.4.2}{\376\377\000A\000u\000s\000w\000a\000h\000l\000\040\000d\000e\000r\000\040\000S\000t\000e\000u\000e\000r\000u\000n\000g}{chapter.4}% 6
\BOOKMARK [1][-]{section.4.3}{\376\377\000A\000u\000s\000w\000a\000h\000l\000\040\000d\000e\000s\000\040\000H\000M\000I}{chapter.4}% 7
\BOOKMARK [1][-]{section.4.4}{\376\377\000A\000u\000s\000w\000a\000h\000l\000\040\000d\000e\000r\000\040\000A\000n\000t\000r\000i\000e\000b\000s\000t\000e\000c\000h\000n\000i\000k}{chapter.4}% 8
\BOOKMARK [2][-]{subsection.4.4.1}{\376\377\000P\000u\000m\000p\000e\000n\000m\000o\000t\000o\000r\000\040\0002\0004\000\040\000V}{section.4.4}% 9
\BOOKMARK [2][-]{subsection.4.4.2}{\376\377\000D\000C\000\040\000M\000o\000t\000o\000r\000\040\0002\0004\000\040\000V\000\040\000m\000i\000t\000\040\000P\000l\000a\000n\000e\000t\000e\000n\000g\000e\000t\000r\000i\000e\000b\000e\000\040\000S\000e\000r\000i\000e\000\040\0003\0008\000/\0001\000\040\000S}{section.4.4}% 10
\BOOKMARK [1][-]{section.4.5}{\376\377\000A\000u\000s\000w\000a\000h\000l\000\040\000d\000e\000s\000\040\000F\000e\000l\000d\000b\000u\000s}{chapter.4}% 11
\BOOKMARK [1][-]{section.4.6}{\376\377\000A\000u\000s\000w\000a\000h\000l\000\040\000d\000e\000r\000\040\000F\000e\000l\000d\000g\000e\000r\000\344\000t\000e}{chapter.4}% 12
\BOOKMARK [1][-]{section.4.7}{\376\377\000A\000u\000s\000w\000a\000h\000l\000\040\000d\000e\000r\000\040\000S\000p\000a\000n\000n\000u\000n\000g\000s\000v\000e\000r\000s\000o\000r\000g\000u\000n\000g}{chapter.4}% 13
\BOOKMARK [0][-]{chapter.5}{\376\377\000G\000e\000h\000\344\000u\000s\000e\000a\000u\000f\000b\000a\000u}{}% 14
\BOOKMARK [0][-]{chapter.6}{\376\377\000V\000e\000r\000k\000a\000b\000e\000l\000u\000n\000g}{}% 15
\BOOKMARK [1][-]{section.6.1}{\376\377\000S\000P\000S}{chapter.6}% 16
\BOOKMARK [0][-]{chapter.7}{\376\377\000V\000e\000r\000s\000c\000h\000l\000a\000u\000c\000h\000u\000n\000g}{}% 17
\BOOKMARK [1][-]{section.7.1}{\376\377\000A\000u\000f\000g\000a\000b\000e}{chapter.7}% 18
\BOOKMARK [1][-]{section.7.2}{\376\377\000P\000r\000o\000b\000l\000e\000m\000l\000\366\000s\000u\000n\000g}{chapter.7}% 19
\BOOKMARK [1][-]{section.7.3}{\376\377\000U\000m\000s\000e\000t\000z\000u\000n\000g}{chapter.7}% 20
\BOOKMARK [1][-]{section.7.4}{\376\377\000A\000u\000f\000b\000a\000u\000a\000n\000w\000e\000i\000s\000u\000n\000g}{chapter.7}% 21
\BOOKMARK [0][-]{chapter.8}{\376\377\000S\000P\000S\000-\000P\000r\000o\000g\000r\000a\000m\000m}{}% 22
\BOOKMARK [0][-]{chapter.9}{\376\377\0003\000-\000D\000\040\000D\000r\000u\000c\000k}{}% 23
\BOOKMARK [1][-]{section.9.1}{\376\377\000E\000i\000s\000b\000e\000h\000\344\000l\000t\000e\000r}{chapter.9}% 24
\BOOKMARK [2][-]{subsection.9.1.1}{\376\377\000A\000u\000s\000g\000a\000n\000g\000s\000g\000e\000d\000a\000n\000k\000e}{section.9.1}% 25
\BOOKMARK [2][-]{subsection.9.1.2}{\376\377\000I\000d\000e\000e\000n\000f\000i\000n\000d\000u\000n\000g}{section.9.1}% 26
\BOOKMARK [2][-]{subsection.9.1.3}{\376\377\000G\000r\000u\000n\000d\000\374\000b\000e\000r\000l\000e\000g\000u\000n\000g}{section.9.1}% 27
\BOOKMARK [2][-]{subsection.9.1.4}{\376\377\000D\000a\000s\000\040\000K\000e\000r\000n\000s\000t\000\374\000c\000k\000:\000\040\000d\000i\000e\000\040\000D\000o\000s\000i\000e\000r\000e\000i\000n\000h\000e\000i\000t}{section.9.1}% 28
\BOOKMARK [2][-]{subsection.9.1.5}{\376\377\000E\000i\000s\000-\000A\000u\000f\000b\000e\000w\000a\000h\000r\000u\000n\000g\000s\000b\000e\000h\000\344\000l\000t\000e\000r\000\040\000u\000n\000d\000\040\000A\000u\000s\000g\000a\000n\000g\000s\000t\000r\000i\000c\000h\000t\000e\000r}{section.9.1}% 29
\BOOKMARK [2][-]{subsection.9.1.6}{\376\377\000A\000u\000f\000g\000e\000t\000r\000e\000t\000e\000n\000e\000\040\000P\000r\000o\000b\000l\000e\000m\000e\000\040\000u\000n\000d\000\040\000F\000e\000h\000l\000e\000r}{section.9.1}% 30
\BOOKMARK [1][-]{section.9.2}{\376\377\000B\000i\000l\000d\000s\000c\000h\000i\000r\000m\000h\000a\000l\000t\000e\000r\000u\000n\000g}{chapter.9}% 31
\BOOKMARK [1][-]{section.9.3}{\376\377\000V\000e\000r\000k\000l\000e\000i\000d\000u\000n\000g\000\040\000d\000e\000r\000\040\000\326\000f\000f\000n\000u\000n\000g}{chapter.9}% 32
\BOOKMARK [1][-]{section.9.4}{\376\377\000B\000e\000c\000h\000e\000r\000s\000t\000\344\000n\000d\000e\000r}{chapter.9}% 33
\BOOKMARK [1][-]{section.9.5}{\376\377\000B\000e\000c\000h\000e\000r\000h\000a\000l\000t\000e\000r\000u\000n\000g}{chapter.9}% 34
\BOOKMARK [0][-]{chapter.10}{\376\377\000G\000e\000s\000t\000a\000l\000t\000u\000n\000g}{}% 35
\BOOKMARK [1][-]{section.10.1}{\376\377\000L\000a\000y\000o\000u\000t\000s}{chapter.10}% 36
\BOOKMARK [1][-]{section.10.2}{\376\377\000A\000u\000\337\000e\000n\000w\000a\000n\000d\000g\000e\000s\000t\000a\000l\000t\000u\000n\000g}{chapter.10}% 37
\BOOKMARK [0][-]{chapter.11}{\376\377\000C\000o\000c\000k\000t\000a\000i\000l\000a\000u\000s\000w\000a\000h\000l}{}% 38
\BOOKMARK [0][-]{chapter.12}{\376\377\000R\000e\000i\000n\000i\000g\000u\000n\000g}{}% 39
